\\IN.UNI-WEIMAR.DE\FS\HOME\M\S\ROSI1458\DESKTOP\SOFTWAREENGINEERINGWS14\DEBUG\CONVERTER.OBJ
\\IN.UNI-WEIMAR.DE\FS\HOME\M\S\ROSI1458\DESKTOP\SOFTWAREENGINEERINGWS14\DEBUG\CURRENCYCONMVERTER.OBJ
\\IN.UNI-WEIMAR.DE\FS\HOME\M\S\ROSI1458\DESKTOP\SOFTWAREENGINEERINGWS14\DEBUG\CURRENCYCONVERTER.OBJ
\\IN.UNI-WEIMAR.DE\FS\HOME\M\S\ROSI1458\DESKTOP\SOFTWAREENGINEERINGWS14\DEBUG\DOLLARTOEUROCONVERTER.OBJ
\\IN.UNI-WEIMAR.DE\FS\HOME\M\S\ROSI1458\DESKTOP\SOFTWAREENGINEERINGWS14\DEBUG\EUROTODOLLARCONVERTER.OBJ
\\IN.UNI-WEIMAR.DE\FS\HOME\M\S\ROSI1458\DESKTOP\SOFTWAREENGINEERINGWS14\DEBUG\KILOGRAMSTOPOUNDSCONVERTER.OBJ
\\IN.UNI-WEIMAR.DE\FS\HOME\M\S\ROSI1458\DESKTOP\SOFTWAREENGINEERINGWS14\DEBUG\KILOMETERTOMILESCONVERTER.OBJ
\\IN.UNI-WEIMAR.DE\FS\HOME\M\S\ROSI1458\DESKTOP\SOFTWAREENGINEERINGWS14\DEBUG\LENGTHCONVERTER.OBJ
\\IN.UNI-WEIMAR.DE\FS\HOME\M\S\ROSI1458\DESKTOP\SOFTWAREENGINEERINGWS14\DEBUG\MAIN.OBJ
\\IN.UNI-WEIMAR.DE\FS\HOME\M\S\ROSI1458\DESKTOP\SOFTWAREENGINEERINGWS14\DEBUG\MILESTOKILOMETERCONVERTER.OBJ
\\IN.UNI-WEIMAR.DE\FS\HOME\M\S\ROSI1458\DESKTOP\SOFTWAREENGINEERINGWS14\DEBUG\POUNDSTOKILOGRAMSCONVERTER.OBJ
\\IN.UNI-WEIMAR.DE\FS\HOME\M\S\ROSI1458\DESKTOP\SOFTWAREENGINEERINGWS14\DEBUG\WEIGHTCONVERTER.OBJ
\\IN.UNI-WEIMAR.DE\FS\HOME\M\S\ROSI1458\DESKTOP\SOFTWAREENGINEERINGWS14\DEBUG\VC110.PDB
\\IN.UNI-WEIMAR.DE\FS\HOME\M\S\ROSI1458\DESKTOP\SOFTWAREENGINEERINGWS14\DEBUG\CONVERTER.PDB
\\in.uni-weimar.de\fs\home\m\s\rosi1458\desktop\SoftwareEngineeringWS14\Debug\eurotodollarconverter.obj
\\in.uni-weimar.de\fs\home\m\s\rosi1458\desktop\SoftwareEngineeringWS14\Debug\milestokilometerconverter.obj
\\in.uni-weimar.de\fs\home\m\s\rosi1458\desktop\SoftwareEngineeringWS14\Debug\poundstokilogramsconverter.obj
\\in.uni-weimar.de\fs\home\m\s\rosi1458\desktop\SoftwareEngineeringWS14\Debug\currencyconverter.obj
\\in.uni-weimar.de\fs\home\m\s\rosi1458\desktop\SoftwareEngineeringWS14\Debug\main.obj
\\in.uni-weimar.de\fs\home\m\s\rosi1458\desktop\SoftwareEngineeringWS14\Debug\kilogramstopoundsconverter.obj
\\in.uni-weimar.de\fs\home\m\s\rosi1458\desktop\SoftwareEngineeringWS14\Debug\kilometertomilesconverter.obj
\\in.uni-weimar.de\fs\home\m\s\rosi1458\desktop\SoftwareEngineeringWS14\Debug\lengthconverter.obj
\\in.uni-weimar.de\fs\home\m\s\rosi1458\desktop\SoftwareEngineeringWS14\Debug\dollartoeuroconverter.obj
\\in.uni-weimar.de\fs\home\m\s\rosi1458\desktop\SoftwareEngineeringWS14\Debug\weightconverter.obj
\\in.uni-weimar.de\fs\home\m\s\rosi1458\desktop\SoftwareEngineeringWS14\Debug\currencyconmverter.obj
\\in.uni-weimar.de\fs\home\m\s\rosi1458\desktop\SoftwareEngineeringWS14\Debug\converter.obj
\\in.uni-weimar.de\fs\home\m\s\rosi1458\desktop\SoftwareEngineeringWS14\Debug\converter.ilk
\\in.uni-weimar.de\fs\home\m\s\rosi1458\desktop\SoftwareEngineeringWS14\Debug\link-cvtres.write.1.tlog
\\in.uni-weimar.de\fs\home\m\s\rosi1458\desktop\SoftwareEngineeringWS14\Debug\link-rc.read.1.tlog
\\in.uni-weimar.de\fs\home\m\s\rosi1458\desktop\SoftwareEngineeringWS14\Debug\cl.command.1.tlog
\\in.uni-weimar.de\fs\home\m\s\rosi1458\desktop\SoftwareEngineeringWS14\Debug\CL.write.1.tlog
\\in.uni-weimar.de\fs\home\m\s\rosi1458\desktop\SoftwareEngineeringWS14\Debug\CL.read.1.tlog
\\in.uni-weimar.de\fs\home\m\s\rosi1458\desktop\SoftwareEngineeringWS14\Debug\link.command.1.tlog
\\in.uni-weimar.de\fs\home\m\s\rosi1458\desktop\SoftwareEngineeringWS14\Debug\link.read.1.tlog
\\in.uni-weimar.de\fs\home\m\s\rosi1458\desktop\SoftwareEngineeringWS14\Debug\link-rc.write.1.tlog
\\in.uni-weimar.de\fs\home\m\s\rosi1458\desktop\SoftwareEngineeringWS14\Debug\link-cvtres.read.1.tlog
\\in.uni-weimar.de\fs\home\m\s\rosi1458\desktop\SoftwareEngineeringWS14\Debug\link.write.1.tlog
\\in.uni-weimar.de\fs\home\m\s\rosi1458\desktop\SoftwareEngineeringWS14\Debug\vc110.idb
\\in.uni-weimar.de\fs\home\m\s\rosi1458\desktop\SoftwareEngineeringWS14\Debug\converter.pdb
\\in.uni-weimar.de\fs\home\m\s\rosi1458\desktop\SoftwareEngineeringWS14\Debug\vc110.pdb
\\in.uni-weimar.de\fs\home\m\s\rosi1458\desktop\SoftwareEngineeringWS14\Debug\converter.exe
